<?xml version="1.0" encoding="UTF-8"?>
<!-- Generated by org.testng.reporters.JUnitXMLReporter -->
<testsuite ignored="0" hostname="DESKTOP-A7MS0QU" failures="0" tests="7" name="Default test" time="107.761" errors="0" timestamp="2023-05-08T09:59:15 PST">
  <testcase classname="com.jupitertoys.testcase.jupiterToys_Test" name="testCase1" time="17.382"/>
  <testcase classname="com.jupitertoys.testcase.jupiterToys_Test" name="testCase2" time="16.76"/>
  <testcase classname="com.jupitertoys.testcase.jupiterToys_Test" name="testCase2" time="18.486"/>
  <testcase classname="com.jupitertoys.testcase.jupiterToys_Test" name="testCase2" time="10.765"/>
  <testcase classname="com.jupitertoys.testcase.jupiterToys_Test" name="testCase2" time="21.662"/>
  <testcase classname="com.jupitertoys.testcase.jupiterToys_Test" name="testCase2" time="10.173"/>
  <testcase classname="com.jupitertoys.testcase.jupiterToys_Test" name="testCase3" time="12.476"/>
</testsuite> <!-- Default test -->
