<?xml version="1.0" encoding="UTF-8"?>
<!-- Generated by org.testng.reporters.JUnitXMLReporter -->
<testsuite ignored="0" hostname="DESKTOP-A7MS0QU" failures="0" tests="7" name="Jupiter Toys test for chrome parallel" time="74.672" errors="0" timestamp="2023-05-08T10:22:47 PST">
  <testcase classname="com.jupitertoys.testcase.jupiterToys_Test" name="testCase3" time="20.286"/>
  <testcase classname="com.jupitertoys.testcase.jupiterToys_Test" name="testCase2" time="21.878"/>
  <testcase classname="com.jupitertoys.testcase.jupiterToys_Test" name="testCase1" time="23.589"/>
  <testcase classname="com.jupitertoys.testcase.jupiterToys_Test" name="testCase2" time="11.707"/>
  <testcase classname="com.jupitertoys.testcase.jupiterToys_Test" name="testCase2" time="11.14"/>
  <testcase classname="com.jupitertoys.testcase.jupiterToys_Test" name="testCase2" time="13.802"/>
  <testcase classname="com.jupitertoys.testcase.jupiterToys_Test" name="testCase2" time="16.102"/>
</testsuite> <!-- Jupiter Toys test for chrome parallel -->
