<?xml version="1.0" encoding="UTF-8"?>
<testng-results ignored="0" total="7" passed="7" failed="0" skipped="0">
  <reporter-output>
  </reporter-output>
  <suite started-at="2023-05-08T10:21:32 PST" name="Jupiter Toys Test Suite" finished-at="2023-05-08T10:22:47 PST" duration-ms="74672">
    <groups>
    </groups>
    <test started-at="2023-05-08T10:21:32 PST" name="Jupiter Toys test for chrome parallel" finished-at="2023-05-08T10:22:47 PST" duration-ms="74672">
      <class name="com.jupitertoys.testcase.jupiterToys_Test">
        <test-method is-config="true" signature="initialization(java.lang.String)[pri:0, instance:com.jupitertoys.testcase.jupiterToys_Test@59d016c9]" started-at="2023-05-08T10:21:32 PST" name="initialization" finished-at="2023-05-08T10:21:32 PST" duration-ms="16" status="PASS">
          <params>
            <param index="0">
              <value>
                <![CDATA[CHROME]]>
              </value>
            </param>
          </params>
          <reporter-output>
          </reporter-output>
        </test-method> <!-- initialization -->
        <test-method signature="testCase1(java.lang.String, java.lang.String, java.lang.String, java.lang.String, java.lang.String, java.lang.String)[pri:0, instance:com.jupitertoys.testcase.jupiterToys_Test@59d016c9]" started-at="2023-05-08T10:21:32 PST" name="testCase1" data-provider="testData" finished-at="2023-05-08T10:21:55 PST" duration-ms="23589" status="PASS">
          <params>
            <param index="0">
              <value>
                <![CDATA[Doc]]>
              </value>
            </param>
            <param index="1">
              <value>
                <![CDATA[RaphDoc@test.com]]>
              </value>
            </param>
            <param index="2">
              <value>
                <![CDATA[This is a test message!!]]>
              </value>
            </param>
            <param index="3">
              <value>
                <![CDATA[Forename is required]]>
              </value>
            </param>
            <param index="4">
              <value>
                <![CDATA[Email is required]]>
              </value>
            </param>
            <param index="5">
              <value>
                <![CDATA[Message is required]]>
              </value>
            </param>
          </params>
          <reporter-output>
          </reporter-output>
        </test-method> <!-- testCase1 -->
        <test-method signature="testCase3(java.lang.String, java.lang.String, java.lang.String)[pri:0, instance:com.jupitertoys.testcase.jupiterToys_Test@59d016c9]" started-at="2023-05-08T10:21:32 PST" name="testCase3" data-provider="testData" finished-at="2023-05-08T10:21:52 PST" duration-ms="20286" status="PASS">
          <params>
            <param index="0">
              <value>
                <![CDATA[Stuffed Frog|10.99|2]]>
              </value>
            </param>
            <param index="1">
              <value>
                <![CDATA[Fluffy Bunny|9.99|5]]>
              </value>
            </param>
            <param index="2">
              <value>
                <![CDATA[Valentine Bear|14.99|3]]>
              </value>
            </param>
          </params>
          <reporter-output>
          </reporter-output>
        </test-method> <!-- testCase3 -->
        <test-method signature="testCase2(java.lang.String, java.lang.String, java.lang.String, java.lang.String)[pri:0, instance:com.jupitertoys.testcase.jupiterToys_Test@59d016c9]" started-at="2023-05-08T10:21:32 PST" name="testCase2" data-provider="testData" finished-at="2023-05-08T10:21:54 PST" duration-ms="21878" status="PASS">
          <params>
            <param index="0">
              <value>
                <![CDATA[Doc]]>
              </value>
            </param>
            <param index="1">
              <value>
                <![CDATA[RaphDoc@test.com]]>
              </value>
            </param>
            <param index="2">
              <value>
                <![CDATA[This is a test message!!]]>
              </value>
            </param>
            <param index="3">
              <value>
                <![CDATA[Thanks Doc, we appreciate your feedback.]]>
              </value>
            </param>
          </params>
          <reporter-output>
          </reporter-output>
        </test-method> <!-- testCase2 -->
        <test-method signature="testCase2(java.lang.String, java.lang.String, java.lang.String, java.lang.String)[pri:0, instance:com.jupitertoys.testcase.jupiterToys_Test@59d016c9]" started-at="2023-05-08T10:21:54 PST" name="testCase2" data-provider="testData" finished-at="2023-05-08T10:22:05 PST" duration-ms="11707" status="PASS">
          <params>
            <param index="0">
              <value>
                <![CDATA[Rob]]>
              </value>
            </param>
            <param index="1">
              <value>
                <![CDATA[CaseyRob@test.com]]>
              </value>
            </param>
            <param index="2">
              <value>
                <![CDATA[This is a test message!!]]>
              </value>
            </param>
            <param index="3">
              <value>
                <![CDATA[Thanks Rob, we appreciate your feedback.]]>
              </value>
            </param>
          </params>
          <reporter-output>
          </reporter-output>
        </test-method> <!-- testCase2 -->
        <test-method signature="testCase2(java.lang.String, java.lang.String, java.lang.String, java.lang.String)[pri:0, instance:com.jupitertoys.testcase.jupiterToys_Test@59d016c9]" started-at="2023-05-08T10:22:05 PST" name="testCase2" data-provider="testData" finished-at="2023-05-08T10:22:17 PST" duration-ms="11140" status="PASS">
          <params>
            <param index="0">
              <value>
                <![CDATA[Isah]]>
              </value>
            </param>
            <param index="1">
              <value>
                <![CDATA[ReeceIsah@test.com]]>
              </value>
            </param>
            <param index="2">
              <value>
                <![CDATA[This is a test message!!]]>
              </value>
            </param>
            <param index="3">
              <value>
                <![CDATA[Thanks Isah, we appreciate your feedback.]]>
              </value>
            </param>
          </params>
          <reporter-output>
          </reporter-output>
        </test-method> <!-- testCase2 -->
        <test-method signature="testCase2(java.lang.String, java.lang.String, java.lang.String, java.lang.String)[pri:0, instance:com.jupitertoys.testcase.jupiterToys_Test@59d016c9]" started-at="2023-05-08T10:22:17 PST" name="testCase2" data-provider="testData" finished-at="2023-05-08T10:22:30 PST" duration-ms="13802" status="PASS">
          <params>
            <param index="0">
              <value>
                <![CDATA[Llans]]>
              </value>
            </param>
            <param index="1">
              <value>
                <![CDATA[RoeLlans@test.com]]>
              </value>
            </param>
            <param index="2">
              <value>
                <![CDATA[This is a test message!!]]>
              </value>
            </param>
            <param index="3">
              <value>
                <![CDATA[Thanks Llans, we appreciate your feedback.]]>
              </value>
            </param>
          </params>
          <reporter-output>
          </reporter-output>
        </test-method> <!-- testCase2 -->
        <test-method signature="testCase2(java.lang.String, java.lang.String, java.lang.String, java.lang.String)[pri:0, instance:com.jupitertoys.testcase.jupiterToys_Test@59d016c9]" started-at="2023-05-08T10:22:30 PST" name="testCase2" data-provider="testData" finished-at="2023-05-08T10:22:47 PST" duration-ms="16102" status="PASS">
          <params>
            <param index="0">
              <value>
                <![CDATA[Sani]]>
              </value>
            </param>
            <param index="1">
              <value>
                <![CDATA[CarissaSani@test.com]]>
              </value>
            </param>
            <param index="2">
              <value>
                <![CDATA[This is a test message!!]]>
              </value>
            </param>
            <param index="3">
              <value>
                <![CDATA[Thanks Sani, we appreciate your feedback.]]>
              </value>
            </param>
          </params>
          <reporter-output>
          </reporter-output>
        </test-method> <!-- testCase2 -->
      </class> <!-- com.jupitertoys.testcase.jupiterToys_Test -->
    </test> <!-- Jupiter Toys test for chrome parallel -->
  </suite> <!-- Jupiter Toys Test Suite -->
</testng-results>
